This is pdfTeX, Version 3.1415926-2.3-1.40.12 (MiKTeX 2.9) (preloaded format=pdflatex 2013.1.7)  29 AUG 2013 16:18
entering extended mode
**Diplomarbeit.tex
(C:\Users\Markus_2\Documents\GitHub\diplomarbeit\Diplomarbeit.tex
LaTeX2e <2011/06/27>
Babel <v3.8m> and hyphenation patterns for english, afrikaans, ancientgreek, arabic, armenian, assamese, basque, bengali
, bokmal, bulgarian, catalan, coptic, croatian, czech, danish, dutch, esperanto, estonian, farsi, finnish, french, galic
ian, german, german-x-2009-06-19, greek, gujarati, hindi, hungarian, icelandic, indonesian, interlingua, irish, italian,
 kannada, kurmanji, lao, latin, latvian, lithuanian, malayalam, marathi, mongolian, mongolianlmc, monogreek, ngerman, ng
erman-x-2009-06-19, nynorsk, oriya, panjabi, pinyin, polish, portuguese, romanian, russian, sanskrit, serbian, slovak, s
lovenian, spanish, swedish, swissgerman, tamil, telugu, turkish, turkmen, ukenglish, ukrainian, uppersorbian, usenglishm
ax, welsh, loaded.
(C:\Users\Markus_2\Documents\GitHub\diplomarbeit\kapitel/header.tex
(C:\Users\Markus_2\AppData\Roaming\MiKTeX\2.9\tex\latex\koma-script\scrreprt.cls
Document Class: scrreprt 2012/07/29 v3.11b KOMA-Script document class (report)
(C:\Users\Markus_2\AppData\Roaming\MiKTeX\2.9\tex\latex\koma-script\scrkbase.sty
Package: scrkbase 2012/07/29 v3.11b KOMA-Script package (KOMA-Script-dependent basics and keyval usage)

(C:\Users\Markus_2\AppData\Roaming\MiKTeX\2.9\tex\latex\koma-script\scrbase.sty
Package: scrbase 2012/07/29 v3.11b KOMA-Script package (KOMA-Script-independent basics and keyval usage)

("C:\Program Files (x86)\MiKTeX 2.9\tex\latex\graphics\keyval.sty"
Package: keyval 1999/03/16 v1.13 key=value parser (DPC)
\KV@toks@=\toks14
)
(C:\Users\Markus_2\AppData\Roaming\MiKTeX\2.9\tex\latex\koma-script\scrlfile.sty
Package: scrlfile 2012/06/15 v3.12 KOMA-Script package (loading files)

Package scrlfile, 2012/06/15 v3.12 KOMA-Script package (loading files)
                  Copyright (C) Markus Kohm

))) (C:\Users\Markus_2\AppData\Roaming\MiKTeX\2.9\tex\latex\koma-script\tocbasic.sty
Package: tocbasic 2012/04/04 v3.10b KOMA-Script package (handling toc-files)
)
Package tocbasic Info: omitting babel extension for `toc'
(tocbasic)             because of feature `nobabel' available
(tocbasic)             for `toc' on input line 117.
Package tocbasic Info: omitting babel extension for `lof'
(tocbasic)             because of feature `nobabel' available
(tocbasic)             for `lof' on input line 118.
Package tocbasic Info: omitting babel extension for `lot'
(tocbasic)             because of feature `nobabel' available
(tocbasic)             for `lot' on input line 119.
Package scrreprt Info: You've used obsolete option `12pt'.
(scrreprt)             \KOMAExecuteOptions{fontsize=12pt} will be
(scrreprt)             used instead.
(scrreprt)             You may simply replace `12pt'
(scrreprt)             by `fontsize=12pt'.
Class scrreprt Info: You've used standard option `openright'.
(scrreprt)           This is correct!
(scrreprt)           Internally I'm using `open=right'.
(scrreprt)           If you'd like to set the option with \KOMAoptions,
(scrreprt)           you'd have to use `open=right' there
(scrreprt)           instead of `openright', too.
Class scrreprt Info: File `scrsize12pt.clo' used to setup font sizes on input line 1367.

(C:\Users\Markus_2\AppData\Roaming\MiKTeX\2.9\tex\latex\koma-script\scrsize12pt.clo
File: scrsize12pt.clo 2012/07/29 v3.11b KOMA-Script font size class option (12pt)
)
(C:\Users\Markus_2\AppData\Roaming\MiKTeX\2.9\tex\latex\koma-script\typearea.sty
Package: typearea 2012/07/29 v3.11b KOMA-Script package (type area)

Package typearea, 2012/07/29 v3.11b KOMA-Script package (type area)
                  Copyright (C) Frank Neukam, 1992-1994
                  Copyright (C) Markus Kohm, 1994-

\ta@bcor=\skip41
\ta@div=\count79
Package typearea Info: You've used standard option `a4paper'.
(typearea)             This is correct!
(typearea)             Internally I'm using `paper=a4'.
(typearea)             If you'd like to set the option with \KOMAoptions,
(typearea)             you'd have to use `paper=a4' there
(typearea)             instead of `a4paper', too.
\ta@hblk=\skip42
\ta@vblk=\skip43
\ta@temp=\skip44
Package typearea Info: These are the values describing the layout:
(typearea)             DIV  = 12
(typearea)             BCOR = 0.0pt
(typearea)             \paperwidth      = 597.50793pt
(typearea)              \textwidth      = 448.13095pt
(typearea)              DIV departure   = -6%
(typearea)              \evensidemargin = 27.31467pt
(typearea)              \oddsidemargin  = -22.47766pt
(typearea)             \paperheight     = 845.04694pt
(typearea)              \textheight     = 635.5pt
(typearea)              \topmargin      = -41.72441pt
(typearea)              \headheight     = 18.125pt
(typearea)              \headsep        = 21.75pt
(typearea)              \topskip        = 12.0pt
(typearea)              \footskip       = 50.75pt
(typearea)              \baselineskip   = 14.5pt
(typearea)              on input line 1213.
)
\c@part=\count80
\c@chapter=\count81
\c@section=\count82
\c@subsection=\count83
\c@subsubsection=\count84
\c@paragraph=\count85
\c@subparagraph=\count86
\abovecaptionskip=\skip45
\belowcaptionskip=\skip46
\c@pti@nb@sid@b@x=\box26
\c@figure=\count87
\c@table=\count88
\bibindent=\dimen102
) (C:\Users\Markus_2\AppData\Roaming\MiKTeX\2.9\tex\latex\moreverb\moreverb.sty
Package: moreverb 2008/06/03 v2.3a `more' verbatim facilities

("C:\Program Files (x86)\MiKTeX 2.9\tex\latex\tools\verbatim.sty"
Package: verbatim 2003/08/22 v1.5q LaTeX2e package for verbatim enhancements
\every@verbatim=\toks15
\verbatim@line=\toks16
\verbatim@in@stream=\read1
)
\tab@position=\count89
\tab@size=\count90
\listing@line=\count91
)
(C:\Users\Markus_2\AppData\Roaming\MiKTeX\2.9\tex\latex\german\german.sty v2.5e 1998-07-08
Package: german 1998/07/08 v2.5e Support for writing german texts (br)
\grmnU@D=\dimen103
german -- \language number for Austrian undefined, default 22 used.
)
(C:\Users\Markus_2\AppData\Roaming\MiKTeX\2.9\tex\latex\german\ngerman.sty v2.5e 1998-07-08
Package: ngerman 1998/07/08 v2.5e Support for writing german texts (br)
LaTeX Info: Redefining \glqq on input line 255.
LaTeX Info: Redefining \glq on input line 268.
LaTeX Info: Redefining \flqq on input line 281.
LaTeX Info: Redefining \frqq on input line 289.
LaTeX Info: Redefining \flq on input line 297.
LaTeX Info: Redefining \frq on input line 304.
ngerman -- \language number for naustrian undefined, default 44 used.
)
("C:\Program Files (x86)\MiKTeX 2.9\tex\generic\babel\babel.sty"
Package: babel 2008/07/08 v3.8m The Babel package

*************************************
* Local config file bblopts.cfg used
*
("C:\Program Files (x86)\MiKTeX 2.9\tex\latex\00miktex\bblopts.cfg"
File: bblopts.cfg 2006/07/31 v1.0 MiKTeX 'babel' configuration
)
("C:\Program Files (x86)\MiKTeX 2.9\tex\generic\babel\ngermanb.ldf"
Language: ngermanb 2008/07/06 v2.6n new German support from the babel system

("C:\Program Files (x86)\MiKTeX 2.9\tex\generic\babel\babel.def"
File: babel.def 2008/07/08 v3.8m Babel common definitions
\babel@savecnt=\count92
\U@D=\dimen104
)))
("C:\Program Files (x86)\MiKTeX 2.9\tex\latex\base\inputenc.sty"
Package: inputenc 2008/03/30 v1.1d Input encoding file
\inpenc@prehook=\toks17
\inpenc@posthook=\toks18

("C:\Program Files (x86)\MiKTeX 2.9\tex\latex\base\latin1.def"
File: latin1.def 2008/03/30 v1.1d Input encoding file
))
(C:\Users\Markus_2\AppData\Roaming\MiKTeX\2.9\tex\latex\csquotes\csquotes.sty
Package: csquotes 2011/10/22 v5.1d context-sensitive quotations

(C:\Users\Markus_2\AppData\Roaming\MiKTeX\2.9\tex\latex\etoolbox\etoolbox.sty
Package: etoolbox 2011/01/03 v2.1 e-TeX tools for LaTeX

("C:\Program Files (x86)\MiKTeX 2.9\tex\latex\misc\etex.sty"
Package: etex 1998/03/26 v2.0 eTeX basic definition package (PEB)
\et@xins=\count93
)
\etb@tempcnta=\count94
)
\csq@reset=\count95
\csq@gtype=\count96
\csq@glevel=\count97
\csq@qlevel=\count98
\csq@maxlvl=\count99
\csq@tshold=\count100
\csq@ltx@everypar=\toks19

(C:\Users\Markus_2\AppData\Roaming\MiKTeX\2.9\tex\latex\csquotes\csquotes.def
File: csquotes.def 2011/10/22 v5.1d csquotes generic definitions
)
Package csquotes Info: Trying to load configuration file 'csquotes.cfg'...
Package csquotes Info: ... configuration file loaded successfully.

(C:\Users\Markus_2\AppData\Roaming\MiKTeX\2.9\tex\latex\csquotes\csquotes.cfg
File: csquotes.cfg 
)
Package csquotes Info: Option 'babel' depreciated.
(csquotes)             Using 'autostyle'.
Package csquotes Info: Enabling multilingual quotes.
Package csquotes Info: Redefining alias 'german' -> 'german/quotes'.
)
("C:\Program Files (x86)\MiKTeX 2.9\tex\latex\hyperref\hyperref.sty"
Package: hyperref 2012/05/13 v6.82q Hypertext links for LaTeX

("C:\Program Files (x86)\MiKTeX 2.9\tex\generic\oberdiek\hobsub-hyperref.sty"
Package: hobsub-hyperref 2012/04/25 v1.12 Bundle oberdiek, subset hyperref (HO)

("C:\Program Files (x86)\MiKTeX 2.9\tex\generic\oberdiek\hobsub-generic.sty"
Package: hobsub-generic 2012/04/25 v1.12 Bundle oberdiek, subset generic (HO)
Package: hobsub 2012/04/25 v1.12 Construct package bundles (HO)
Package: infwarerr 2010/04/08 v1.3 Providing info/warning/error messages (HO)
Package: ltxcmds 2011/11/09 v1.22 LaTeX kernel commands for general use (HO)
Package: ifluatex 2010/03/01 v1.3 Provides the ifluatex switch (HO)
Package ifluatex Info: LuaTeX not detected.
Package: ifvtex 2010/03/01 v1.5 Detect VTeX and its facilities (HO)
Package ifvtex Info: VTeX not detected.
Package: intcalc 2007/09/27 v1.1 Expandable calculations with integers (HO)
Package: ifpdf 2011/01/30 v2.3 Provides the ifpdf switch (HO)
Package ifpdf Info: pdfTeX in PDF mode is detected.
Package: etexcmds 2011/02/16 v1.5 Avoid name clashes with e-TeX commands (HO)
Package etexcmds Info: Could not find \expanded.
(etexcmds)             That can mean that you are not using pdfTeX 1.50 or
(etexcmds)             that some package has redefined \expanded.
(etexcmds)             In the latter case, load this package earlier.
Package: kvsetkeys 2012/04/25 v1.16 Key value parser (HO)
Package: kvdefinekeys 2011/04/07 v1.3 Define keys (HO)
Package: pdftexcmds 2011/11/29 v0.20 Utility functions of pdfTeX for LuaTeX (HO)
Package pdftexcmds Info: LuaTeX not detected.
Package pdftexcmds Info: \pdf@primitive is available.
Package pdftexcmds Info: \pdf@ifprimitive is available.
Package pdftexcmds Info: \pdfdraftmode found.
Package: pdfescape 2011/11/25 v1.13 Implements pdfTeX's escape features (HO)
Package: bigintcalc 2012/04/08 v1.3 Expandable calculations on big integers (HO)
Package: bitset 2011/01/30 v1.1 Handle bit-vector datatype (HO)
Package: uniquecounter 2011/01/30 v1.2 Provide unlimited unique counter (HO)
)
Package hobsub Info: Skipping package `hobsub' (already loaded).
Package: letltxmacro 2010/09/02 v1.4 Let assignment for LaTeX macros (HO)
Package: hopatch 2011/06/24 v1.1 Wrapper for package hooks (HO)
Package: xcolor-patch 2011/01/30 xcolor patch
Package: atveryend 2011/06/30 v1.8 Hooks at the very end of document (HO)
Package: atbegshi 2011/10/05 v1.16 At begin shipout hook (HO)
Package: refcount 2011/10/16 v3.4 Data extraction from label references (HO)
Package: hycolor 2011/01/30 v1.7 Color options for hyperref/bookmark (HO)
)
("C:\Program Files (x86)\MiKTeX 2.9\tex\generic\ifxetex\ifxetex.sty"
Package: ifxetex 2010/09/12 v0.6 Provides ifxetex conditional
)
("C:\Program Files (x86)\MiKTeX 2.9\tex\latex\oberdiek\kvoptions.sty"
Package: kvoptions 2011/06/30 v3.11 Key value format for package options (HO)
)
\@linkdim=\dimen105
\Hy@linkcounter=\count101
\Hy@pagecounter=\count102

("C:\Program Files (x86)\MiKTeX 2.9\tex\latex\hyperref\pd1enc.def"
File: pd1enc.def 2012/05/13 v6.82q Hyperref: PDFDocEncoding definition (HO)
)
\Hy@SavedSpaceFactor=\count103

("C:\Program Files (x86)\MiKTeX 2.9\tex\latex\00miktex\hyperref.cfg"
File: hyperref.cfg 2002/06/06 v1.2 hyperref configuration of TeXLive
)
Package hyperref Info: Hyper figures OFF on input line 4062.
Package hyperref Info: Link nesting OFF on input line 4067.
Package hyperref Info: Hyper index ON on input line 4070.
Package hyperref Info: Plain pages OFF on input line 4077.
Package hyperref Info: Backreferencing OFF on input line 4082.
Package hyperref Info: Implicit mode ON; LaTeX internals redefined.
Package hyperref Info: Bookmarks ON on input line 4300.
\c@Hy@tempcnt=\count104

("C:\Program Files (x86)\MiKTeX 2.9\tex\latex\ltxmisc\url.sty"
\Urlmuskip=\muskip10
Package: url 2006/04/12  ver 3.3  Verb mode for urls, etc.
)
LaTeX Info: Redefining \url on input line 4653.
\Fld@menulength=\count105
\Field@Width=\dimen106
\Fld@charsize=\dimen107
Package hyperref Info: Hyper figures OFF on input line 5773.
Package hyperref Info: Link nesting OFF on input line 5778.
Package hyperref Info: Hyper index ON on input line 5781.
Package hyperref Info: backreferencing OFF on input line 5788.
Package hyperref Info: Link coloring OFF on input line 5793.
Package hyperref Info: Link coloring with OCG OFF on input line 5798.
Package hyperref Info: PDF/A mode OFF on input line 5803.
LaTeX Info: Redefining \ref on input line 5843.
LaTeX Info: Redefining \pageref on input line 5847.
\Hy@abspage=\count106
\c@Item=\count107
\c@Hfootnote=\count108
)

Package hyperref Message: Driver (autodetected): hpdftex.

("C:\Program Files (x86)\MiKTeX 2.9\tex\latex\hyperref\hpdftex.def"
File: hpdftex.def 2012/05/13 v6.82q Hyperref driver for pdfTeX
\Fld@listcount=\count109
\c@bookmark@seq@number=\count110

("C:\Program Files (x86)\MiKTeX 2.9\tex\latex\oberdiek\rerunfilecheck.sty"
Package: rerunfilecheck 2011/04/15 v1.7 Rerun checks for auxiliary files (HO)
Package uniquecounter Info: New unique counter `rerunfilecheck' on input line 282.
)
\Hy@SectionHShift=\skip47
)
("C:\Program Files (x86)\MiKTeX 2.9\tex\latex\graphics\graphicx.sty"
Package: graphicx 1999/02/16 v1.0f Enhanced LaTeX Graphics (DPC,SPQR)

("C:\Program Files (x86)\MiKTeX 2.9\tex\latex\graphics\graphics.sty"
Package: graphics 2009/02/05 v1.0o Standard LaTeX Graphics (DPC,SPQR)

("C:\Program Files (x86)\MiKTeX 2.9\tex\latex\graphics\trig.sty"
Package: trig 1999/03/16 v1.09 sin cos tan (DPC)
)
("C:\Program Files (x86)\MiKTeX 2.9\tex\latex\00miktex\graphics.cfg"
File: graphics.cfg 2007/01/18 v1.5 graphics configuration of teTeX/TeXLive
)
Package graphics Info: Driver file: pdftex.def on input line 91.

("C:\Program Files (x86)\MiKTeX 2.9\tex\latex\pdftex-def\pdftex.def"
File: pdftex.def 2011/05/27 v0.06d Graphics/color for pdfTeX
\Gread@gobject=\count111
))
\Gin@req@height=\dimen108
\Gin@req@width=\dimen109
)
(C:\Users\Markus_2\AppData\Roaming\MiKTeX\2.9\tex\latex\caption\caption.sty
Package: caption 2013/02/03 v3.3-65 Customizing captions (AR)

(C:\Users\Markus_2\AppData\Roaming\MiKTeX\2.9\tex\latex\caption\caption3.sty
Package: caption3 2013/02/03 v1.5-62 caption3 kernel (AR)
\captionmargin=\dimen110
\captionmargin@=\dimen111
\captionwidth=\dimen112
\caption@tempdima=\dimen113
\caption@indent=\dimen114
\caption@parindent=\dimen115
\caption@hangindent=\dimen116
)
Package caption Info: KOMA-Script document class.
\c@ContinuedFloat=\count112
Package caption Info: hyperref package is loaded.
)
(C:\Users\Markus_2\AppData\Roaming\MiKTeX\2.9\tex\latex\caption\subcaption.sty
Package: subcaption 2013/02/03 v1.1-62 Sub-captions (AR)
\c@subfigure=\count113
\c@subtable=\count114
)
(C:\Users\Markus_2\AppData\Roaming\MiKTeX\2.9\tex\latex\listings\listings.sty
\lst@mode=\count115
\lst@gtempboxa=\box27
\lst@token=\toks20
\lst@length=\count116
\lst@currlwidth=\dimen117
\lst@column=\count117
\lst@pos=\count118
\lst@lostspace=\dimen118
\lst@width=\dimen119
\lst@newlines=\count119
\lst@lineno=\count120
\lst@maxwidth=\dimen120

(C:\Users\Markus_2\AppData\Roaming\MiKTeX\2.9\tex\latex\listings\lstmisc.sty
File: lstmisc.sty 2007/02/22 1.4 (Carsten Heinz)
\c@lstnumber=\count121
\lst@skipnumbers=\count122
\lst@framebox=\box28
)
(C:\Users\Markus_2\AppData\Roaming\MiKTeX\2.9\tex\latex\listings\listings.cfg
File: listings.cfg 2007/02/22 1.4 listings configuration
))
Package: listings 2007/02/22 1.4 (Carsten Heinz)

("C:\Program Files (x86)\MiKTeX 2.9\tex\latex\ams\math\amsmath.sty"
Package: amsmath 2000/07/18 v2.13 AMS math features
\@mathmargin=\skip48

For additional information on amsmath, use the `?' option.
("C:\Program Files (x86)\MiKTeX 2.9\tex\latex\ams\math\amstext.sty"
Package: amstext 2000/06/29 v2.01

("C:\Program Files (x86)\MiKTeX 2.9\tex\latex\ams\math\amsgen.sty"
File: amsgen.sty 1999/11/30 v2.0
\@emptytoks=\toks21
\ex@=\dimen121
))
("C:\Program Files (x86)\MiKTeX 2.9\tex\latex\ams\math\amsbsy.sty"
Package: amsbsy 1999/11/29 v1.2d
\pmbraise@=\dimen122
)
("C:\Program Files (x86)\MiKTeX 2.9\tex\latex\ams\math\amsopn.sty"
Package: amsopn 1999/12/14 v2.01 operator names
)
\inf@bad=\count123
LaTeX Info: Redefining \frac on input line 211.
\uproot@=\count124
\leftroot@=\count125
LaTeX Info: Redefining \overline on input line 307.
\classnum@=\count126
\DOTSCASE@=\count127
LaTeX Info: Redefining \ldots on input line 379.
LaTeX Info: Redefining \dots on input line 382.
LaTeX Info: Redefining \cdots on input line 467.
\Mathstrutbox@=\box29
\strutbox@=\box30
\big@size=\dimen123
LaTeX Font Info:    Redeclaring font encoding OML on input line 567.
LaTeX Font Info:    Redeclaring font encoding OMS on input line 568.
\macc@depth=\count128
\c@MaxMatrixCols=\count129
\dotsspace@=\muskip11
\c@parentequation=\count130
\dspbrk@lvl=\count131
\tag@help=\toks22
\row@=\count132
\column@=\count133
\maxfields@=\count134
\andhelp@=\toks23
\eqnshift@=\dimen124
\alignsep@=\dimen125
\tagshift@=\dimen126
\tagwidth@=\dimen127
\totwidth@=\dimen128
\lineht@=\dimen129
\@envbody=\toks24
\multlinegap=\skip49
\multlinetaggap=\skip50
\mathdisplay@stack=\toks25
LaTeX Info: Redefining \[ on input line 2666.
LaTeX Info: Redefining \] on input line 2667.
)
("C:\Program Files (x86)\MiKTeX 2.9\tex\latex\ams\classes\amsthm.sty"
Package: amsthm 2004/08/06 v2.20
\thm@style=\toks26
\thm@bodyfont=\toks27
\thm@headfont=\toks28
\thm@notefont=\toks29
\thm@headpunct=\toks30
\thm@preskip=\skip51
\thm@postskip=\skip52
\thm@headsep=\skip53
\dth@everypar=\toks31
)
("C:\Program Files (x86)\MiKTeX 2.9\tex\latex\amsfonts\amssymb.sty"
Package: amssymb 2009/06/22 v3.00

("C:\Program Files (x86)\MiKTeX 2.9\tex\latex\amsfonts\amsfonts.sty"
Package: amsfonts 2009/06/22 v3.00 Basic AMSFonts support
\symAMSa=\mathgroup4
\symAMSb=\mathgroup5
LaTeX Font Info:    Overwriting math alphabet `\mathfrak' in version `bold'
(Font)                  U/euf/m/n --> U/euf/b/n on input line 96.
))
("C:\Program Files (x86)\MiKTeX 2.9\tex\latex\multirow\multirow.sty"
\bigstrutjot=\dimen130
))
Package csquotes Info: Checking for multilingual support...
Package csquotes Info: ... found 'babel' package.

(C:\Users\Markus_2\Documents\GitHub\diplomarbeit\Diplomarbeit.aux
(C:\Users\Markus_2\Documents\GitHub\diplomarbeit\kapitel/anhang.aux))
LaTeX Font Info:    Checking defaults for OML/cmm/m/it on input line 9.
LaTeX Font Info:    ... okay on input line 9.
LaTeX Font Info:    Checking defaults for T1/cmr/m/n on input line 9.
LaTeX Font Info:    ... okay on input line 9.
LaTeX Font Info:    Checking defaults for OT1/cmr/m/n on input line 9.
LaTeX Font Info:    ... okay on input line 9.
LaTeX Font Info:    Checking defaults for OMS/cmsy/m/n on input line 9.
LaTeX Font Info:    ... okay on input line 9.
LaTeX Font Info:    Checking defaults for OMX/cmex/m/n on input line 9.
LaTeX Font Info:    ... okay on input line 9.
LaTeX Font Info:    Checking defaults for U/cmr/m/n on input line 9.
LaTeX Font Info:    ... okay on input line 9.
LaTeX Font Info:    Checking defaults for PD1/pdf/m/n on input line 9.
LaTeX Font Info:    ... okay on input line 9.
\AtBeginShipoutBox=\box31
Package hyperref Info: Link coloring OFF on input line 9.

("C:\Program Files (x86)\MiKTeX 2.9\tex\latex\hyperref\nameref.sty"
Package: nameref 2010/04/30 v2.40 Cross-referencing by name of section

("C:\Program Files (x86)\MiKTeX 2.9\tex\generic\oberdiek\gettitlestring.sty"
Package: gettitlestring 2010/12/03 v1.4 Cleanup title references (HO)
)
\c@section@level=\count135
)
LaTeX Info: Redefining \ref on input line 9.
LaTeX Info: Redefining \pageref on input line 9.
LaTeX Info: Redefining \nameref on input line 9.

(C:\Users\Markus_2\Documents\GitHub\diplomarbeit\Diplomarbeit.out)
(C:\Users\Markus_2\Documents\GitHub\diplomarbeit\Diplomarbeit.out)
\@outlinefile=\write3

(C:\Users\Markus_2\AppData\Roaming\MiKTeX\2.9\tex\context\base\supp-pdf.mkii
[Loading MPS to PDF converter (version 2006.09.02).]
\scratchcounter=\count136
\scratchdimen=\dimen131
\scratchbox=\box32
\nofMPsegments=\count137
\nofMParguments=\count138
\everyMPshowfont=\toks32
\MPscratchCnt=\count139
\MPscratchDim=\dimen132
\MPnumerator=\count140
\makeMPintoPDFobject=\count141
\everyMPtoPDFconversion=\toks33
)
Package caption Info: Begin \AtBeginDocument code.
Package caption Info: listings package is loaded.
Package caption Info: End \AtBeginDocument code.
\c@lstlisting=\count142
 (C:\Users\Markus_2\Documents\GitHub\diplomarbeit\kapitel/anhang.tex

Class scrreprt Warning: \float@addtolists detected!
(scrreprt)              You should use the features of package `tocbasic'
(scrreprt)              instead of \float@addtolists.
(scrreprt)              Support for \float@addtolists may be removed from
(scrreprt)              `scrreprt' soon .

LaTeX Font Info:    Try loading font information for U+msa on input line 13.
("C:\Program Files (x86)\MiKTeX 2.9\tex\latex\amsfonts\umsa.fd"
File: umsa.fd 2009/06/22 v3.00 AMS symbols A
)
LaTeX Font Info:    Try loading font information for U+msb on input line 13.

("C:\Program Files (x86)\MiKTeX 2.9\tex\latex\amsfonts\umsb.fd"
File: umsb.fd 2009/06/22 v3.00 AMS symbols B
)

LaTeX Warning: Reference `sec:ttg_selektion' on page 1 undefined on input line 15.

<bilder/eta_linear.png, id=15, 798.985pt x 774.895pt>
File: bilder/eta_linear.png Graphic file (type png)
 <use bilder/eta_linear.png>
Package pdftex.def Info: bilder/eta_linear.png used on input line 20.
(pdftex.def)             Requested size: 215.10094pt x 208.6096pt.

<bilder/eta_log.png, id=16, 798.985pt x 774.895pt>
File: bilder/eta_log.png Graphic file (type png)
 <use bilder/eta_log.png>
Package pdftex.def Info: bilder/eta_log.png used on input line 23.
(pdftex.def)             Requested size: 215.10094pt x 208.6096pt.

<bilder/et_linear.png, id=17, 798.985pt x 774.895pt>
File: bilder/et_linear.png Graphic file (type png)
 <use bilder/et_linear.png>
Package pdftex.def Info: bilder/et_linear.png used on input line 32.
(pdftex.def)             Requested size: 215.10094pt x 208.6096pt.

<bilder/et_log.png, id=18, 798.985pt x 774.895pt>
File: bilder/et_log.png Graphic file (type png)
 <use bilder/et_log.png>
Package pdftex.def Info: bilder/et_log.png used on input line 35.
(pdftex.def)             Requested size: 215.10094pt x 208.6096pt.

<bilder/drmuon_linear.png, id=19, 798.985pt x 774.895pt>
File: bilder/drmuon_linear.png Graphic file (type png)
 <use bilder/drmuon_linear.png>
Package pdftex.def Info: bilder/drmuon_linear.png used on input line 44.
(pdftex.def)             Requested size: 215.10094pt x 208.6096pt.

<bilder/drmuon_log.png, id=20, 798.985pt x 774.895pt>
File: bilder/drmuon_log.png Graphic file (type png)
 <use bilder/drmuon_log.png>
Package pdftex.def Info: bilder/drmuon_log.png used on input line 47.
(pdftex.def)             Requested size: 215.10094pt x 208.6096pt.

<bilder/drjet_linear.png, id=21, 798.985pt x 774.895pt>
File: bilder/drjet_linear.png Graphic file (type png)
 <use bilder/drjet_linear.png>
Package pdftex.def Info: bilder/drjet_linear.png used on input line 56.
(pdftex.def)             Requested size: 215.10094pt x 208.6096pt.

<bilder/drjet_log.png, id=22, 798.985pt x 774.895pt>
File: bilder/drjet_log.png Graphic file (type png)
 <use bilder/drjet_log.png>
Package pdftex.def Info: bilder/drjet_log.png used on input line 59.
(pdftex.def)             Requested size: 215.10094pt x 208.6096pt.

<bilder/ptreldrjet_linear.png, id=23, 798.985pt x 774.895pt>
File: bilder/ptreldrjet_linear.png Graphic file (type png)
 <use bilder/ptreldrjet_linear.png>
Package pdftex.def Info: bilder/ptreldrjet_linear.png used on input line 68.
(pdftex.def)             Requested size: 215.10094pt x 208.6096pt.

<bilder/ptreldrjet_log.png, id=24, 798.985pt x 774.895pt>
File: bilder/ptreldrjet_log.png Graphic file (type png)
 <use bilder/ptreldrjet_log.png>
Package pdftex.def Info: bilder/ptreldrjet_log.png used on input line 71.
(pdftex.def)             Requested size: 215.10094pt x 208.6096pt.

Underfull \hbox (badness 4859) in paragraph at lines 73--73
[][]|$\OML/cmm/m/it/12 E[]=p[]$\OT1/cmr/m/n/12 -Verteilung des Pho-tons fur Pho-to-nen in-ner-halb von
 []

<bilder/haspixelseeds_linear.png, id=25, 798.985pt x 774.895pt>
File: bilder/haspixelseeds_linear.png Graphic file (type png)
 <use bilder/haspixelseeds_linear.png>
Package pdftex.def Info: bilder/haspixelseeds_linear.png used on input line 80.
(pdftex.def)             Requested size: 215.10094pt x 208.6096pt.

<bilder/haspixelseeds_log.png, id=26, 798.985pt x 774.895pt>
File: bilder/haspixelseeds_log.png Graphic file (type png)
 <use bilder/haspixelseeds_log.png>
Package pdftex.def Info: bilder/haspixelseeds_log.png used on input line 83.
(pdftex.def)             Requested size: 215.10094pt x 208.6096pt.

<bilder/hollowconetrackiso_linear.png, id=27, 798.985pt x 774.895pt>
File: bilder/hollowconetrackiso_linear.png Graphic file (type png)
 <use bilder/hollowconetrackiso_linear.png>
Package pdftex.def Info: bilder/hollowconetrackiso_linear.png used on input line 92.
(pdftex.def)             Requested size: 215.10094pt x 208.6096pt.

<bilder/hollowconetrackiso_log.png, id=28, 798.985pt x 774.895pt>
File: bilder/hollowconetrackiso_log.png Graphic file (type png)
 <use bilder/hollowconetrackiso_log.png>
Package pdftex.def Info: bilder/hollowconetrackiso_log.png used on input line 95.
(pdftex.def)             Requested size: 215.10094pt x 208.6096pt.

<bilder/jurassicecaliso_linear.png, id=29, 798.985pt x 774.895pt>
File: bilder/jurassicecaliso_linear.png Graphic file (type png)
 <use bilder/jurassicecaliso_linear.png>
Package pdftex.def Info: bilder/jurassicecaliso_linear.png used on input line 104.
(pdftex.def)             Requested size: 215.10094pt x 208.6096pt.

<bilder/jurassicecaliso_log.png, id=30, 798.985pt x 774.895pt>
File: bilder/jurassicecaliso_log.png Graphic file (type png)
 <use bilder/jurassicecaliso_log.png>
Package pdftex.def Info: bilder/jurassicecaliso_log.png used on input line 107.
(pdftex.def)             Requested size: 215.10094pt x 208.6096pt.

<bilder/hcaliso_linear.png, id=31, 798.985pt x 774.895pt>
File: bilder/hcaliso_linear.png Graphic file (type png)
 <use bilder/hcaliso_linear.png>
Package pdftex.def Info: bilder/hcaliso_linear.png used on input line 116.
(pdftex.def)             Requested size: 215.10094pt x 208.6096pt.

<bilder/hcaliso_log.png, id=32, 798.985pt x 774.895pt>
File: bilder/hcaliso_log.png Graphic file (type png)
 <use bilder/hcaliso_log.png>
Package pdftex.def Info: bilder/hcaliso_log.png used on input line 119.
(pdftex.def)             Requested size: 215.10094pt x 208.6096pt.

<bilder/hadronicoverem_linear.png, id=33, 798.985pt x 774.895pt>
File: bilder/hadronicoverem_linear.png Graphic file (type png)
 <use bilder/hadronicoverem_linear.png>
Package pdftex.def Info: bilder/hadronicoverem_linear.png used on input line 128.
(pdftex.def)             Requested size: 215.10094pt x 208.6096pt.

<bilder/hadronicoverem_log.png, id=34, 798.985pt x 774.895pt>
File: bilder/hadronicoverem_log.png Graphic file (type png)
 <use bilder/hadronicoverem_log.png>
Package pdftex.def Info: bilder/hadronicoverem_log.png used on input line 131.
(pdftex.def)             Requested size: 215.10094pt x 208.6096pt.

<bilder/sigmaietaieta_linear.png, id=35, 798.985pt x 774.895pt>
File: bilder/sigmaietaieta_linear.png Graphic file (type png)
 <use bilder/sigmaietaieta_linear.png>
Package pdftex.def Info: bilder/sigmaietaieta_linear.png used on input line 140.
(pdftex.def)             Requested size: 215.10094pt x 208.6096pt.

<bilder/sigmaietaieta_log.png, id=36, 798.985pt x 774.895pt>
File: bilder/sigmaietaieta_log.png Graphic file (type png)
 <use bilder/sigmaietaieta_log.png>
Package pdftex.def Info: bilder/sigmaietaieta_log.png used on input line 143.
(pdftex.def)             Requested size: 215.10094pt x 208.6096pt.
) [1




{C:/Users/Markus_2/AppData/Local/MiKTeX/2.9/pdftex/config/pdftex.map}] [2 <C:/Users/Markus_2/Documents/GitHub/diplomarbe
it/bilder/eta_linear.png> <C:/Users/Markus_2/Documents/GitHub/diplomarbeit/bilder/eta_log.png> <C:/Users/Markus_2/Docume
nts/GitHub/diplomarbeit/bilder/et_linear.png> <C:/Users/Markus_2/Documents/GitHub/diplomarbeit/bilder/et_log.png>] [3 <C
:/Users/Markus_2/Documents/GitHub/diplomarbeit/bilder/drmuon_linear.png> <C:/Users/Markus_2/Documents/GitHub/diplomarbei
t/bilder/drmuon_log.png> <C:/Users/Markus_2/Documents/GitHub/diplomarbeit/bilder/drjet_linear.png> <C:/Users/Markus_2/Do
cuments/GitHub/diplomarbeit/bilder/drjet_log.png>] [4 <C:/Users/Markus_2/Documents/GitHub/diplomarbeit/bilder/ptreldrjet
_linear.png> <C:/Users/Markus_2/Documents/GitHub/diplomarbeit/bilder/ptreldrjet_log.png> <C:/Users/Markus_2/Documents/Gi
tHub/diplomarbeit/bilder/haspixelseeds_linear.png> <C:/Users/Markus_2/Documents/GitHub/diplomarbeit/bilder/haspixelseeds
_log.png>] [5 <C:/Users/Markus_2/Documents/GitHub/diplomarbeit/bilder/hollowconetrackiso_linear.png> <C:/Users/Markus_2/
Documents/GitHub/diplomarbeit/bilder/hollowconetrackiso_log.png> <C:/Users/Markus_2/Documents/GitHub/diplomarbeit/bilder
/jurassicecaliso_linear.png> <C:/Users/Markus_2/Documents/GitHub/diplomarbeit/bilder/jurassicecaliso_log.png>] [6 <C:/Us
ers/Markus_2/Documents/GitHub/diplomarbeit/bilder/hcaliso_linear.png> <C:/Users/Markus_2/Documents/GitHub/diplomarbeit/b
ilder/hcaliso_log.png> <C:/Users/Markus_2/Documents/GitHub/diplomarbeit/bilder/hadronicoverem_linear.png> <C:/Users/Mark
us_2/Documents/GitHub/diplomarbeit/bilder/hadronicoverem_log.png>] [7 <C:/Users/Markus_2/Documents/GitHub/diplomarbeit/b
ilder/sigmaietaieta_linear.png> <C:/Users/Markus_2/Documents/GitHub/diplomarbeit/bilder/sigmaietaieta_log.png>]
(C:\Users\Markus_2\Documents\GitHub\diplomarbeit\Diplomarbeit.bbl [8



]

LaTeX Warning: Empty `thebibliography' environment or \BreakBibliography
               before end of `thebibliography' environment on input line 10.

)
Package atveryend Info: Empty hook `BeforeClearDocument' on input line 48.
 [9]
Package atveryend Info: Empty hook `AfterLastShipout' on input line 48.
 (C:\Users\Markus_2\Documents\GitHub\diplomarbeit\Diplomarbeit.aux
(C:\Users\Markus_2\Documents\GitHub\diplomarbeit\kapitel/anhang.aux))
Package atveryend Info: Executing hook `AtVeryEndDocument' on input line 48.
Package atveryend Info: Executing hook `AtEndAfterFileList' on input line 48.
Package rerunfilecheck Info: File `Diplomarbeit.out' has not changed.
(rerunfilecheck)             Checksum: 3286190670C15CFDE63D4E078CD96BF2;222.


LaTeX Warning: There were undefined references.

 ) 
Here is how much of TeX's memory you used:
 10991 strings out of 494045
 167914 string characters out of 3145961
 291280 words of memory out of 3000000
 14097 multiletter control sequences out of 15000+200000
 11735 words of font info for 45 fonts, out of 3000000 for 9000
 715 hyphenation exceptions out of 8191
 42i,7n,52p,824b,552s stack positions out of 5000i,500n,10000p,200000b,50000s
<C:/Program Files (x86)/MiKTeX 2.9/fonts/type1/public/amsfonts/cm/cmbx12.pfb><C:/Program Files (x86)/MiKTeX 2.9/fonts/
type1/public/amsfonts/cm/cmmi12.pfb><C:/Program Files (x86)/MiKTeX 2.9/fonts/type1/public/amsfonts/cm/cmmi8.pfb><C:/Prog
ram Files (x86)/MiKTeX 2.9/fonts/type1/public/amsfonts/cm/cmr12.pfb><C:/Program Files (x86)/MiKTeX 2.9/fonts/type1/publi
c/amsfonts/cm/cmr17.pfb><C:/Program Files (x86)/MiKTeX 2.9/fonts/type1/public/amsfonts/cm/cmssbx10.pfb><C:/Program Files
 (x86)/MiKTeX 2.9/fonts/type1/public/amsfonts/cm/cmsy10.pfb>
Output written on Diplomarbeit.pdf (9 pages, 538357 bytes).
PDF statistics:
 125 PDF objects out of 1000 (max. 8388607)
 25 named destinations out of 1000 (max. 500000)
 135 words of extra memory for PDF output out of 10000 (max. 10000000)

