\BOOKMARK [0][-]{chapter.1}{Das CMS-Experiment am LHC}{}% 1
\BOOKMARK [1][-]{section.1.1}{Der Large Hadron Collider}{chapter.1}% 2
\BOOKMARK [1][-]{section.1.2}{Der CMS-Detektor}{chapter.1}% 3
\BOOKMARK [2][-]{subsection.1.2.1}{Die Silizium-Spurdetektoren}{section.1.2}% 4
\BOOKMARK [2][-]{subsection.1.2.2}{Die Kalorimeter}{section.1.2}% 5
\BOOKMARK [2][-]{subsection.1.2.3}{Der Solenoidmagnet}{section.1.2}% 6
\BOOKMARK [2][-]{subsection.1.2.4}{Die Myonkammern}{section.1.2}% 7
\BOOKMARK [2][-]{subsection.1.2.5}{Das Triggersystem}{section.1.2}% 8
\BOOKMARK [0][-]{chapter.2}{Theoretische Grundlagen}{}% 9
\BOOKMARK [1][-]{section.2.1}{Das Standardmodell der Teilchenphysik}{chapter.2}% 10
\BOOKMARK [1][-]{section.2.2}{Das Top-Quark am LHC}{chapter.2}% 11
\BOOKMARK [2][-]{subsection.2.2.1}{Erzeugung von Top-Quark-Paaren}{section.2.2}% 12
\BOOKMARK [2][-]{subsection.2.2.2}{Top-Quark-Zerfall}{section.2.2}% 13
\BOOKMARK [1][-]{section.2.3}{Anomale Kopplungen des Top-Quarks}{chapter.2}% 14
\BOOKMARK [0][-]{chapter.3}{Datensimulation und -rekonstruktion}{}% 15
\BOOKMARK [1][-]{section.3.1}{Monte-Carlo-Simulation}{chapter.3}% 16
\BOOKMARK [2][-]{subsection.3.1.1}{Produktionskette}{section.3.1}% 17
\BOOKMARK [2][-]{subsection.3.1.2}{Simulation von ttg Ereignissen}{section.3.1}% 18
\BOOKMARK [2][-]{subsection.3.1.3}{Simulation des Top-Paar-Prozesses und der betrachteten Untergr\374nde}{section.3.1}% 19
\BOOKMARK [2][-]{subsection.3.1.4}{Detektorsimulation}{section.3.1}% 20
\BOOKMARK [1][-]{section.3.2}{Ereignisrekonstruktion}{chapter.3}% 21
\BOOKMARK [2][-]{subsection.3.2.1}{Myonen}{section.3.2}% 22
\BOOKMARK [2][-]{subsection.3.2.2}{Elektronen}{section.3.2}% 23
\BOOKMARK [2][-]{subsection.3.2.3}{Photonen}{section.3.2}% 24
\BOOKMARK [2][-]{subsection.3.2.4}{geladene und ungeladene Hadronen}{section.3.2}% 25
\BOOKMARK [2][-]{subsection.3.2.5}{Particle Flow}{section.3.2}% 26
\BOOKMARK [2][-]{subsection.3.2.6}{Jets}{section.3.2}% 27
\BOOKMARK [2][-]{subsection.3.2.7}{B-Tag}{section.3.2}% 28
\BOOKMARK [0][-]{chapter.4}{Ereignisselektion}{}% 29
\BOOKMARK [1][-]{section.4.1}{Signatur des Signals}{chapter.4}% 30
\BOOKMARK [1][-]{section.4.2}{Untergr\374nde}{chapter.4}% 31
\BOOKMARK [2][-]{subsection.4.2.1}{Untergr\374nde der Top-Paar-Signatur}{section.4.2}% 32
\BOOKMARK [2][-]{subsection.4.2.2}{Untergr\374nde der Photon-Signatur}{section.4.2}% 33
\BOOKMARK [1][-]{section.4.3}{Selektion}{chapter.4}% 34
\BOOKMARK [2][-]{subsection.4.3.1}{Top-Paar-Selektion}{section.4.3}% 35
\BOOKMARK [2][-]{subsection.4.3.2}{Selektion von ttg-Ereignissen}{section.4.3}% 36
\BOOKMARK [0][-]{chapter.5}{Studie der von WHIZARD generierten Monte-Carlo-Samples}{}% 37
\BOOKMARK [1][-]{section.5.1}{Wirkungsquerschnitt des ttg-Prozesses}{chapter.5}% 38
\BOOKMARK [1][-]{section.5.2}{ET-Spektrum des Photons}{chapter.5}% 39
\BOOKMARK [2][-]{subsection.5.2.1}{2-Bin-Analyse}{section.5.2}% 40
\BOOKMARK [2][-]{subsection.5.2.2}{ET-Mean-Analyse}{section.5.2}% 41
\BOOKMARK [2][-]{subsection.5.2.3}{Analyse der Einh\374llenden der ET-Verteilung}{section.5.2}% 42
\BOOKMARK [0][-]{figure.caption.48}{Literaturverzeichnis}{}% 43
