This is pdfTeX, Version 3.1415926-2.3-1.40.12 (MiKTeX 2.9) (preloaded format=pdflatex 2013.1.7)  8 JAN 2013 11:03
entering extended mode
**titelseite.tex
(D:\LaTEX\Diplomarbeit\kapitel\titelseite.tex
LaTeX2e <2011/06/27>
Babel <v3.8m> and hyphenation patterns for english, afrikaans, ancientgreek, arabic, armenian, assamese, basque, bengali
, bokmal, bulgarian, catalan, coptic, croatian, czech, danish, dutch, esperanto, estonian, farsi, finnish, french, galic
ian, german, german-x-2009-06-19, greek, gujarati, hindi, hungarian, icelandic, indonesian, interlingua, irish, italian,
 kannada, kurmanji, lao, latin, latvian, lithuanian, malayalam, marathi, mongolian, mongolianlmc, monogreek, ngerman, ng
erman-x-2009-06-19, nynorsk, oriya, panjabi, pinyin, polish, portuguese, romanian, russian, sanskrit, serbian, slovak, s
lovenian, spanish, swedish, swissgerman, tamil, telugu, turkish, turkmen, ukenglish, ukrainian, uppersorbian, usenglishm
ax, welsh, loaded.

! LaTeX Error: Environment titlepage undefined.

See the LaTeX manual or LaTeX Companion for explanation.
Type  H <return>  for immediate help.
 ...                                              
                                                  
l.7 \begin{titlepage}
                     
Your command was ignored.
Type  I <command> <return>  to replace it with another command,
or  <return>  to continue without it.


! LaTeX Error: Missing \begin{document}.

See the LaTeX manual or LaTeX Companion for explanation.
Type  H <return>  for immediate help.
 ...                                              
                                                  
l.10 \center
            
You're in trouble here.  Try typing  <return>  to proceed.
If that doesn't work, type  X <return>  to quit.


Overfull \hbox (20.0pt too wide) in paragraph at lines 10--10
[] 
 []

! Undefined control sequence.
l.11 \Huge
          {\textsf{Suche nach anomalen Kopplungen im ttgamma-Vertex am CMS-E...
The control sequence at the end of the top line
of your error message was never \def'ed. If you have
misspelled it (e.g., `\hobx'), type `I' and the correct
spelling (e.g., `I\hbox'). Otherwise just continue,
and I'll forget about whatever was undefined.


Overfull \hbox (24.7778pt too wide) in paragraph at lines 11--13
 \OT1/cmss/m/n/10 Suche 
 []


Overfull \hbox (19.58336pt too wide) in paragraph at lines 11--13
 \OT1/cmss/m/n/10 nach 
 []


Overfull \hbox (31.05562pt too wide) in paragraph at lines 11--13
 \OT1/cmss/m/n/10 anoma- 
 []


Overfull \hbox (12.0pt too wide) in paragraph at lines 11--13
 \OT1/cmss/m/n/10 len 
 []


Overfull \hbox (20.44449pt too wide) in paragraph at lines 11--13
 \OT1/cmss/m/n/10 Kop- 
 []


Overfull \hbox (21.22223pt too wide) in paragraph at lines 11--13
 \OT1/cmss/m/n/10 plun- 
 []


Overfull \hbox (14.61113pt too wide) in paragraph at lines 11--13
 \OT1/cmss/m/n/10 gen 
 []


Overfull \hbox (10.33334pt too wide) in paragraph at lines 11--13
 \OT1/cmss/m/n/10 im 
 []


Overfull \hbox (41.05563pt too wide) in paragraph at lines 11--13
 \OT1/cmss/m/n/10 ttgamma- 
 []


Overfull \hbox (26.91672pt too wide) in paragraph at lines 11--13
 \OT1/cmss/m/n/10 Vertex 
 []


Overfull \hbox (12.75003pt too wide) in paragraph at lines 11--13
 \OT1/cmss/m/n/10 am 
 []


Overfull \hbox (24.02785pt too wide) in paragraph at lines 11--13
 \OT1/cmss/m/n/10 CMS- 
 []


Overfull \hbox (47.44452pt too wide) in paragraph at lines 11--13
 \OT1/cmss/m/n/10 Experiment 
 []


! LaTeX Error: \begin{document} ended by \end{titlepage}.

See the LaTeX manual or LaTeX Companion for explanation.
Type  H <return>  for immediate help.
 ...                                              
                                                  
l.18 \end{titlepage}
                    
Your command was ignored.
Type  I <command> <return>  to replace it with another command,
or  <return>  to continue without it.

)
! Emergency stop.
<*> titelseite.tex
                  
*** (job aborted, no legal \end found)

 
Here is how much of TeX's memory you used:
 12 strings out of 494045
 238 string characters out of 3145961
 48890 words of memory out of 3000000
 3403 multiletter control sequences out of 15000+200000
 3945 words of font info for 15 fonts, out of 3000000 for 9000
 715 hyphenation exceptions out of 8191
 13i,1n,10p,115b,110s stack positions out of 5000i,500n,10000p,200000b,50000s
!  ==> Fatal error occurred, no output PDF file produced!
